[0.604s] Invoking command in '/home/neilstuart/g11_ws/build/arm_pkg': PYTHONPATH=/home/neilstuart/g11_ws/build/arm_pkg/prefix_override:/home/neilstuart/g11_ws/install/arm_pkg/lib/python3.10/site-packages:${PYTHONPATH} /usr/bin/python3 setup.py develop --editable --build-directory /home/neilstuart/g11_ws/build/arm_pkg/build --no-deps install_data
[0.819s] running develop
[0.820s] /usr/lib/python3/dist-packages/setuptools/command/easy_install.py:158: EasyInstallDeprecationWarning: easy_install command is deprecated. Use build and pip and other standards-based tools.
[0.820s]   warnings.warn(
[0.821s] /usr/lib/python3/dist-packages/setuptools/command/install.py:34: SetuptoolsDeprecationWarning: setup.py install is deprecated. Use build and pip and other standards-based tools.
[0.821s]   warnings.warn(
[0.861s] /usr/lib/python3/dist-packages/pkg_resources/__init__.py:116: PkgResourcesDeprecationWarning: 2.4.0-elementary9-ubuntu7.1 is an invalid version and will not be supported in a future release
[0.861s]   warnings.warn(
[0.932s] running egg_info
[0.933s] writing arm_pkg.egg-info/PKG-INFO
[0.933s] writing dependency_links to arm_pkg.egg-info/dependency_links.txt
[0.933s] writing entry points to arm_pkg.egg-info/entry_points.txt
[0.933s] writing requirements to arm_pkg.egg-info/requires.txt
[0.933s] writing top-level names to arm_pkg.egg-info/top_level.txt
[0.934s] reading manifest file 'arm_pkg.egg-info/SOURCES.txt'
[0.934s] writing manifest file 'arm_pkg.egg-info/SOURCES.txt'
[0.936s] running build_ext
[0.936s] Creating /home/neilstuart/g11_ws/install/arm_pkg/lib/python3.10/site-packages/arm-pkg.egg-link (link to .)
[0.936s] Installing camera_interface script to /home/neilstuart/g11_ws/install/arm_pkg/lib/arm_pkg
[0.936s] Installing controls_generator script to /home/neilstuart/g11_ws/install/arm_pkg/lib/arm_pkg
[0.937s] Installing hardware_interface script to /home/neilstuart/g11_ws/install/arm_pkg/lib/arm_pkg
[0.937s] Installing image_processor script to /home/neilstuart/g11_ws/install/arm_pkg/lib/arm_pkg
[0.937s] 
[0.937s] Installed /home/neilstuart/g11_ws/build/arm_pkg
[0.937s] running install_data
[0.958s] Invoked command in '/home/neilstuart/g11_ws/build/arm_pkg' returned '0': PYTHONPATH=/home/neilstuart/g11_ws/build/arm_pkg/prefix_override:/home/neilstuart/g11_ws/install/arm_pkg/lib/python3.10/site-packages:${PYTHONPATH} /usr/bin/python3 setup.py develop --editable --build-directory /home/neilstuart/g11_ws/build/arm_pkg/build --no-deps install_data
