running egg_info
writing ../build/arm_pkg/arm_pkg.egg-info/PKG-INFO
writing dependency_links to ../build/arm_pkg/arm_pkg.egg-info/dependency_links.txt
writing entry points to ../build/arm_pkg/arm_pkg.egg-info/entry_points.txt
writing requirements to ../build/arm_pkg/arm_pkg.egg-info/requires.txt
writing top-level names to ../build/arm_pkg/arm_pkg.egg-info/top_level.txt
reading manifest file '../build/arm_pkg/arm_pkg.egg-info/SOURCES.txt'
adding license file 'LICENSE'
writing manifest file '../build/arm_pkg/arm_pkg.egg-info/SOURCES.txt'
running build
running build_py
copying arm_pkg/camera_interface.py -> /home/neilstuart/g11_ws/build/arm_pkg/build/lib/arm_pkg
running install
running install_lib
copying /home/neilstuart/g11_ws/build/arm_pkg/build/lib/arm_pkg/camera_interface.py -> /home/neilstuart/g11_ws/install/arm_pkg/lib/python3.10/site-packages/arm_pkg
byte-compiling /home/neilstuart/g11_ws/install/arm_pkg/lib/python3.10/site-packages/arm_pkg/camera_interface.py to camera_interface.cpython-310.pyc
running install_data
copying package.xml -> /home/neilstuart/g11_ws/install/arm_pkg/share/arm_pkg
running install_egg_info
removing '/home/neilstuart/g11_ws/install/arm_pkg/lib/python3.10/site-packages/arm_pkg-0.0.0-py3.10.egg-info' (and everything under it)
Copying ../build/arm_pkg/arm_pkg.egg-info to /home/neilstuart/g11_ws/install/arm_pkg/lib/python3.10/site-packages/arm_pkg-0.0.0-py3.10.egg-info
running install_scripts
Installing camera_interface script to /home/neilstuart/g11_ws/install/arm_pkg/lib/arm_pkg
writing list of installed files to '/home/neilstuart/g11_ws/build/arm_pkg/install.log'
