[0.505s] Invoking command in '/home/neilstuart/g11_ws/arm_pkg': PYTHONPATH=/home/neilstuart/g11_ws/build/arm_pkg/prefix_override:/home/neilstuart/g11_ws/install/arm_pkg/lib/python3.10/site-packages:${PYTHONPATH} /usr/bin/python3 setup.py egg_info --egg-base ../build/arm_pkg build --build-base /home/neilstuart/g11_ws/build/arm_pkg/build install --record /home/neilstuart/g11_ws/build/arm_pkg/install.log --single-version-externally-managed
[0.684s] running egg_info
[0.684s] writing ../build/arm_pkg/arm_pkg.egg-info/PKG-INFO
[0.684s] writing dependency_links to ../build/arm_pkg/arm_pkg.egg-info/dependency_links.txt
[0.685s] writing entry points to ../build/arm_pkg/arm_pkg.egg-info/entry_points.txt
[0.685s] writing requirements to ../build/arm_pkg/arm_pkg.egg-info/requires.txt
[0.685s] writing top-level names to ../build/arm_pkg/arm_pkg.egg-info/top_level.txt
[0.686s] reading manifest file '../build/arm_pkg/arm_pkg.egg-info/SOURCES.txt'
[0.686s] adding license file 'LICENSE'
[0.686s] writing manifest file '../build/arm_pkg/arm_pkg.egg-info/SOURCES.txt'
[0.686s] running build
[0.686s] running build_py
[0.686s] copying arm_pkg/camera_interface.py -> /home/neilstuart/g11_ws/build/arm_pkg/build/lib/arm_pkg
[0.687s] running install
[0.687s] /usr/lib/python3/dist-packages/setuptools/command/install.py:34: SetuptoolsDeprecationWarning: setup.py install is deprecated. Use build and pip and other standards-based tools.
[0.687s]   warnings.warn(
[0.687s] running install_lib
[0.687s] copying /home/neilstuart/g11_ws/build/arm_pkg/build/lib/arm_pkg/camera_interface.py -> /home/neilstuart/g11_ws/install/arm_pkg/lib/python3.10/site-packages/arm_pkg
[0.688s] byte-compiling /home/neilstuart/g11_ws/install/arm_pkg/lib/python3.10/site-packages/arm_pkg/camera_interface.py to camera_interface.cpython-310.pyc
[0.688s] running install_data
[0.688s] running install_egg_info
[0.689s] removing '/home/neilstuart/g11_ws/install/arm_pkg/lib/python3.10/site-packages/arm_pkg-0.0.0-py3.10.egg-info' (and everything under it)
[0.690s] Copying ../build/arm_pkg/arm_pkg.egg-info to /home/neilstuart/g11_ws/install/arm_pkg/lib/python3.10/site-packages/arm_pkg-0.0.0-py3.10.egg-info
[0.690s] running install_scripts
[0.702s] Installing camera_interface script to /home/neilstuart/g11_ws/install/arm_pkg/lib/arm_pkg
[0.703s] writing list of installed files to '/home/neilstuart/g11_ws/build/arm_pkg/install.log'
[0.721s] Invoked command in '/home/neilstuart/g11_ws/arm_pkg' returned '0': PYTHONPATH=/home/neilstuart/g11_ws/build/arm_pkg/prefix_override:/home/neilstuart/g11_ws/install/arm_pkg/lib/python3.10/site-packages:${PYTHONPATH} /usr/bin/python3 setup.py egg_info --egg-base ../build/arm_pkg build --build-base /home/neilstuart/g11_ws/build/arm_pkg/build install --record /home/neilstuart/g11_ws/build/arm_pkg/install.log --single-version-externally-managed
