[0.641s] Invoking command in '/home/neilstuart/g11_ws/build/arm_pkg': PYTHONPATH=/home/neilstuart/g11_ws/build/arm_pkg/prefix_override:/home/neilstuart/g11_ws/install/arm_pkg/lib/python3.10/site-packages:${PYTHONPATH} /usr/bin/python3 setup.py develop --editable --build-directory /home/neilstuart/g11_ws/build/arm_pkg/build --no-deps install_data
[0.857s] running develop
[0.858s] /usr/lib/python3/dist-packages/setuptools/command/easy_install.py:158: EasyInstallDeprecationWarning: easy_install command is deprecated. Use build and pip and other standards-based tools.
[0.858s]   warnings.warn(
[0.859s] /usr/lib/python3/dist-packages/setuptools/command/install.py:34: SetuptoolsDeprecationWarning: setup.py install is deprecated. Use build and pip and other standards-based tools.
[0.859s]   warnings.warn(
[0.897s] /usr/lib/python3/dist-packages/pkg_resources/__init__.py:116: PkgResourcesDeprecationWarning: 2.4.0-elementary9-ubuntu7.1 is an invalid version and will not be supported in a future release
[0.897s]   warnings.warn(
[0.979s] running egg_info
[0.979s] writing arm_pkg.egg-info/PKG-INFO
[0.979s] writing dependency_links to arm_pkg.egg-info/dependency_links.txt
[0.979s] writing entry points to arm_pkg.egg-info/entry_points.txt
[0.980s] writing requirements to arm_pkg.egg-info/requires.txt
[0.980s] writing top-level names to arm_pkg.egg-info/top_level.txt
[0.981s] reading manifest file 'arm_pkg.egg-info/SOURCES.txt'
[0.982s] writing manifest file 'arm_pkg.egg-info/SOURCES.txt'
[0.983s] running build_ext
[0.983s] Creating /home/neilstuart/g11_ws/install/arm_pkg/lib/python3.10/site-packages/arm-pkg.egg-link (link to .)
[0.983s] Installing camera_interface script to /home/neilstuart/g11_ws/install/arm_pkg/lib/arm_pkg
[0.983s] Installing controls_generator script to /home/neilstuart/g11_ws/install/arm_pkg/lib/arm_pkg
[0.984s] Installing hardware_interface script to /home/neilstuart/g11_ws/install/arm_pkg/lib/arm_pkg
[0.984s] Installing image_processor script to /home/neilstuart/g11_ws/install/arm_pkg/lib/arm_pkg
[0.984s] 
[0.984s] Installed /home/neilstuart/g11_ws/build/arm_pkg
[0.984s] running install_data
[1.003s] Invoked command in '/home/neilstuart/g11_ws/build/arm_pkg' returned '0': PYTHONPATH=/home/neilstuart/g11_ws/build/arm_pkg/prefix_override:/home/neilstuart/g11_ws/install/arm_pkg/lib/python3.10/site-packages:${PYTHONPATH} /usr/bin/python3 setup.py develop --editable --build-directory /home/neilstuart/g11_ws/build/arm_pkg/build --no-deps install_data
