running egg_info
creating ../build/arm_pkg/arm_pkg.egg-info
writing ../build/arm_pkg/arm_pkg.egg-info/PKG-INFO
writing dependency_links to ../build/arm_pkg/arm_pkg.egg-info/dependency_links.txt
writing entry points to ../build/arm_pkg/arm_pkg.egg-info/entry_points.txt
writing requirements to ../build/arm_pkg/arm_pkg.egg-info/requires.txt
writing top-level names to ../build/arm_pkg/arm_pkg.egg-info/top_level.txt
writing manifest file '../build/arm_pkg/arm_pkg.egg-info/SOURCES.txt'
reading manifest file '../build/arm_pkg/arm_pkg.egg-info/SOURCES.txt'
adding license file 'LICENSE'
writing manifest file '../build/arm_pkg/arm_pkg.egg-info/SOURCES.txt'
running build
running build_py
creating /home/neilstuart/g11_ws/build/arm_pkg/build
creating /home/neilstuart/g11_ws/build/arm_pkg/build/lib
creating /home/neilstuart/g11_ws/build/arm_pkg/build/lib/arm_pkg
copying arm_pkg/__init__.py -> /home/neilstuart/g11_ws/build/arm_pkg/build/lib/arm_pkg
copying arm_pkg/camera_interface.py -> /home/neilstuart/g11_ws/build/arm_pkg/build/lib/arm_pkg
/usr/lib/python3/dist-packages/setuptools/command/install.py:34: SetuptoolsDeprecationWarning: setup.py install is deprecated. Use build and pip and other standards-based tools.
  warnings.warn(
running install
running install_lib
creating /home/neilstuart/g11_ws/install/arm_pkg/lib/python3.10/site-packages/arm_pkg
copying /home/neilstuart/g11_ws/build/arm_pkg/build/lib/arm_pkg/__init__.py -> /home/neilstuart/g11_ws/install/arm_pkg/lib/python3.10/site-packages/arm_pkg
copying /home/neilstuart/g11_ws/build/arm_pkg/build/lib/arm_pkg/camera_interface.py -> /home/neilstuart/g11_ws/install/arm_pkg/lib/python3.10/site-packages/arm_pkg
byte-compiling /home/neilstuart/g11_ws/install/arm_pkg/lib/python3.10/site-packages/arm_pkg/__init__.py to __init__.cpython-310.pyc
byte-compiling /home/neilstuart/g11_ws/install/arm_pkg/lib/python3.10/site-packages/arm_pkg/camera_interface.py to camera_interface.cpython-310.pyc
running install_data
creating /home/neilstuart/g11_ws/install/arm_pkg/share/ament_index
creating /home/neilstuart/g11_ws/install/arm_pkg/share/ament_index/resource_index
creating /home/neilstuart/g11_ws/install/arm_pkg/share/ament_index/resource_index/packages
copying resource/arm_pkg -> /home/neilstuart/g11_ws/install/arm_pkg/share/ament_index/resource_index/packages
copying package.xml -> /home/neilstuart/g11_ws/install/arm_pkg/share/arm_pkg
running install_egg_info
Copying ../build/arm_pkg/arm_pkg.egg-info to /home/neilstuart/g11_ws/install/arm_pkg/lib/python3.10/site-packages/arm_pkg-0.0.0-py3.10.egg-info
running install_scripts
Installing camera_interface script to /home/neilstuart/g11_ws/install/arm_pkg/lib/arm_pkg
writing list of installed files to '/home/neilstuart/g11_ws/build/arm_pkg/install.log'
