running develop
running egg_info
creating arm_pkg.egg-info
writing arm_pkg.egg-info/PKG-INFO
writing dependency_links to arm_pkg.egg-info/dependency_links.txt
writing entry points to arm_pkg.egg-info/entry_points.txt
writing requirements to arm_pkg.egg-info/requires.txt
writing top-level names to arm_pkg.egg-info/top_level.txt
writing manifest file 'arm_pkg.egg-info/SOURCES.txt'
reading manifest file 'arm_pkg.egg-info/SOURCES.txt'
writing manifest file 'arm_pkg.egg-info/SOURCES.txt'
running build_ext
Creating /home/neilstuart/g11_ws/install/arm_pkg/lib/python3.10/site-packages/arm-pkg.egg-link (link to .)
Installing camera_interface script to /home/neilstuart/g11_ws/install/arm_pkg/lib/arm_pkg
Installing controls_generator script to /home/neilstuart/g11_ws/install/arm_pkg/lib/arm_pkg
Installing hardware_interface script to /home/neilstuart/g11_ws/install/arm_pkg/lib/arm_pkg
Installing image_processor script to /home/neilstuart/g11_ws/install/arm_pkg/lib/arm_pkg

Installed /home/neilstuart/g11_ws/build/arm_pkg
running install_data
creating /home/neilstuart/g11_ws/install/arm_pkg/share/ament_index
creating /home/neilstuart/g11_ws/install/arm_pkg/share/ament_index/resource_index
creating /home/neilstuart/g11_ws/install/arm_pkg/share/ament_index/resource_index/packages
copying resource/arm_pkg -> /home/neilstuart/g11_ws/install/arm_pkg/share/ament_index/resource_index/packages
copying package.xml -> /home/neilstuart/g11_ws/install/arm_pkg/share/arm_pkg
creating /home/neilstuart/g11_ws/install/arm_pkg/share/arm_pkg/launch
copying launch/_launch.py -> /home/neilstuart/g11_ws/install/arm_pkg/share/arm_pkg/launch
