[0.598s] Invoking command in '/home/neilstuart/g11_ws/build/arm_pkg': PYTHONPATH=/home/neilstuart/g11_ws/build/arm_pkg/prefix_override:/home/neilstuart/g11_ws/install/arm_pkg/lib/python3.10/site-packages:${PYTHONPATH} /usr/bin/python3 setup.py develop --editable --build-directory /home/neilstuart/g11_ws/build/arm_pkg/build --no-deps install_data
[0.810s] running develop
[0.811s] /usr/lib/python3/dist-packages/setuptools/command/easy_install.py:158: EasyInstallDeprecationWarning: easy_install command is deprecated. Use build and pip and other standards-based tools.
[0.811s]   warnings.warn(
[0.811s] /usr/lib/python3/dist-packages/setuptools/command/install.py:34: SetuptoolsDeprecationWarning: setup.py install is deprecated. Use build and pip and other standards-based tools.
[0.812s]   warnings.warn(
[0.853s] /usr/lib/python3/dist-packages/pkg_resources/__init__.py:116: PkgResourcesDeprecationWarning: 2.4.0-elementary9-ubuntu7.1 is an invalid version and will not be supported in a future release
[0.853s]   warnings.warn(
[0.920s] running egg_info
[0.920s] creating arm_pkg.egg-info
[0.921s] writing arm_pkg.egg-info/PKG-INFO
[0.921s] writing dependency_links to arm_pkg.egg-info/dependency_links.txt
[0.921s] writing entry points to arm_pkg.egg-info/entry_points.txt
[0.921s] writing requirements to arm_pkg.egg-info/requires.txt
[0.921s] writing top-level names to arm_pkg.egg-info/top_level.txt
[0.921s] writing manifest file 'arm_pkg.egg-info/SOURCES.txt'
[0.922s] reading manifest file 'arm_pkg.egg-info/SOURCES.txt'
[0.923s] writing manifest file 'arm_pkg.egg-info/SOURCES.txt'
[0.924s] running build_ext
[0.924s] Creating /home/neilstuart/g11_ws/install/arm_pkg/lib/python3.10/site-packages/arm-pkg.egg-link (link to .)
[0.925s] Installing camera_interface script to /home/neilstuart/g11_ws/install/arm_pkg/lib/arm_pkg
[0.926s] Installing controls_generator script to /home/neilstuart/g11_ws/install/arm_pkg/lib/arm_pkg
[0.926s] Installing hardware_interface script to /home/neilstuart/g11_ws/install/arm_pkg/lib/arm_pkg
[0.926s] Installing image_processor script to /home/neilstuart/g11_ws/install/arm_pkg/lib/arm_pkg
[0.926s] 
[0.926s] Installed /home/neilstuart/g11_ws/build/arm_pkg
[0.926s] running install_data
[0.926s] creating /home/neilstuart/g11_ws/install/arm_pkg/share/ament_index
[0.926s] creating /home/neilstuart/g11_ws/install/arm_pkg/share/ament_index/resource_index
[0.926s] creating /home/neilstuart/g11_ws/install/arm_pkg/share/ament_index/resource_index/packages
[0.926s] copying resource/arm_pkg -> /home/neilstuart/g11_ws/install/arm_pkg/share/ament_index/resource_index/packages
[0.927s] copying package.xml -> /home/neilstuart/g11_ws/install/arm_pkg/share/arm_pkg
[0.927s] creating /home/neilstuart/g11_ws/install/arm_pkg/share/arm_pkg/launch
[0.927s] copying launch/_launch.py -> /home/neilstuart/g11_ws/install/arm_pkg/share/arm_pkg/launch
[0.948s] Invoked command in '/home/neilstuart/g11_ws/build/arm_pkg' returned '0': PYTHONPATH=/home/neilstuart/g11_ws/build/arm_pkg/prefix_override:/home/neilstuart/g11_ws/install/arm_pkg/lib/python3.10/site-packages:${PYTHONPATH} /usr/bin/python3 setup.py develop --editable --build-directory /home/neilstuart/g11_ws/build/arm_pkg/build --no-deps install_data
