[0.525s] Invoking command in '/home/neilstuart/g11_ws/build/arm_pkg': PYTHONPATH=/home/neilstuart/g11_ws/build/arm_pkg/prefix_override:/home/neilstuart/g11_ws/install/arm_pkg/lib/python3.10/site-packages:${PYTHONPATH} /usr/bin/python3 setup.py develop --editable --build-directory /home/neilstuart/g11_ws/build/arm_pkg/build --no-deps install_data
[0.721s] running develop
[0.722s] /usr/lib/python3/dist-packages/setuptools/command/easy_install.py:158: EasyInstallDeprecationWarning: easy_install command is deprecated. Use build and pip and other standards-based tools.
[0.722s]   warnings.warn(
[0.724s] /usr/lib/python3/dist-packages/setuptools/command/install.py:34: SetuptoolsDeprecationWarning: setup.py install is deprecated. Use build and pip and other standards-based tools.
[0.724s]   warnings.warn(
[0.761s] /usr/lib/python3/dist-packages/pkg_resources/__init__.py:116: PkgResourcesDeprecationWarning: 2.4.0-elementary9-ubuntu7.1 is an invalid version and will not be supported in a future release
[0.761s]   warnings.warn(
[0.842s] running egg_info
[0.842s] writing arm_pkg.egg-info/PKG-INFO
[0.842s] writing dependency_links to arm_pkg.egg-info/dependency_links.txt
[0.842s] writing entry points to arm_pkg.egg-info/entry_points.txt
[0.842s] writing requirements to arm_pkg.egg-info/requires.txt
[0.843s] writing top-level names to arm_pkg.egg-info/top_level.txt
[0.844s] reading manifest file 'arm_pkg.egg-info/SOURCES.txt'
[0.844s] writing manifest file 'arm_pkg.egg-info/SOURCES.txt'
[0.845s] running build_ext
[0.845s] Creating /home/neilstuart/g11_ws/install/arm_pkg/lib/python3.10/site-packages/arm-pkg.egg-link (link to .)
[0.846s] Installing camera_interface script to /home/neilstuart/g11_ws/install/arm_pkg/lib/arm_pkg
[0.846s] Installing image_processor script to /home/neilstuart/g11_ws/install/arm_pkg/lib/arm_pkg
[0.846s] 
[0.846s] Installed /home/neilstuart/g11_ws/build/arm_pkg
[0.846s] running install_data
[0.846s] creating /home/neilstuart/g11_ws/install/arm_pkg/share/arm_pkg/launch
[0.846s] copying launch/_launch.py -> /home/neilstuart/g11_ws/install/arm_pkg/share/arm_pkg/launch
[0.864s] Invoked command in '/home/neilstuart/g11_ws/build/arm_pkg' returned '0': PYTHONPATH=/home/neilstuart/g11_ws/build/arm_pkg/prefix_override:/home/neilstuart/g11_ws/install/arm_pkg/lib/python3.10/site-packages:${PYTHONPATH} /usr/bin/python3 setup.py develop --editable --build-directory /home/neilstuart/g11_ws/build/arm_pkg/build --no-deps install_data
