[0.512s] Invoking command in '/home/neilstuart/g11_ws/build/arm_pkg': PYTHONPATH=/home/neilstuart/g11_ws/build/arm_pkg/prefix_override:/home/neilstuart/g11_ws/install/arm_pkg/lib/python3.10/site-packages:${PYTHONPATH} /usr/bin/python3 setup.py develop --uninstall --editable --build-directory /home/neilstuart/g11_ws/build/arm_pkg/build
[0.699s] running develop
[0.699s] /usr/lib/python3/dist-packages/setuptools/command/easy_install.py:158: EasyInstallDeprecationWarning: easy_install command is deprecated. Use build and pip and other standards-based tools.
[0.699s]   warnings.warn(
[0.700s] /usr/lib/python3/dist-packages/setuptools/command/install.py:34: SetuptoolsDeprecationWarning: setup.py install is deprecated. Use build and pip and other standards-based tools.
[0.700s]   warnings.warn(
[0.735s] /usr/lib/python3/dist-packages/pkg_resources/__init__.py:116: PkgResourcesDeprecationWarning: 2.4.0-elementary9-ubuntu7.1 is an invalid version and will not be supported in a future release
[0.735s]   warnings.warn(
[0.795s] Removing /home/neilstuart/g11_ws/install/arm_pkg/lib/python3.10/site-packages/arm-pkg.egg-link (link to .)
[0.814s] Invoked command in '/home/neilstuart/g11_ws/build/arm_pkg' returned '0': PYTHONPATH=/home/neilstuart/g11_ws/build/arm_pkg/prefix_override:/home/neilstuart/g11_ws/install/arm_pkg/lib/python3.10/site-packages:${PYTHONPATH} /usr/bin/python3 setup.py develop --uninstall --editable --build-directory /home/neilstuart/g11_ws/build/arm_pkg/build
[0.816s] Invoking command in '/home/neilstuart/g11_ws/arm_pkg': PYTHONPATH=/home/neilstuart/g11_ws/build/arm_pkg/prefix_override:/home/neilstuart/g11_ws/install/arm_pkg/lib/python3.10/site-packages:${PYTHONPATH} /usr/bin/python3 setup.py egg_info --egg-base ../build/arm_pkg build --build-base /home/neilstuart/g11_ws/build/arm_pkg/build install --record /home/neilstuart/g11_ws/build/arm_pkg/install.log --single-version-externally-managed
[0.991s] running egg_info
[0.992s] writing ../build/arm_pkg/arm_pkg.egg-info/PKG-INFO
[0.992s] writing dependency_links to ../build/arm_pkg/arm_pkg.egg-info/dependency_links.txt
[0.992s] writing entry points to ../build/arm_pkg/arm_pkg.egg-info/entry_points.txt
[0.992s] writing requirements to ../build/arm_pkg/arm_pkg.egg-info/requires.txt
[0.992s] writing top-level names to ../build/arm_pkg/arm_pkg.egg-info/top_level.txt
[0.993s] reading manifest file '../build/arm_pkg/arm_pkg.egg-info/SOURCES.txt'
[0.993s] adding license file 'LICENSE'
[0.993s] writing manifest file '../build/arm_pkg/arm_pkg.egg-info/SOURCES.txt'
[0.994s] running build
[0.994s] running build_py
[0.994s] running install
[0.994s] /usr/lib/python3/dist-packages/setuptools/command/install.py:34: SetuptoolsDeprecationWarning: setup.py install is deprecated. Use build and pip and other standards-based tools.
[0.994s]   warnings.warn(
[0.994s] running install_lib
[0.995s] creating /home/neilstuart/g11_ws/install/arm_pkg/lib/python3.10/site-packages/arm_pkg
[0.995s] copying /home/neilstuart/g11_ws/build/arm_pkg/build/lib/arm_pkg/__init__.py -> /home/neilstuart/g11_ws/install/arm_pkg/lib/python3.10/site-packages/arm_pkg
[0.995s] copying /home/neilstuart/g11_ws/build/arm_pkg/build/lib/arm_pkg/camera_interface.py -> /home/neilstuart/g11_ws/install/arm_pkg/lib/python3.10/site-packages/arm_pkg
[0.995s] byte-compiling /home/neilstuart/g11_ws/install/arm_pkg/lib/python3.10/site-packages/arm_pkg/__init__.py to __init__.cpython-310.pyc
[0.995s] byte-compiling /home/neilstuart/g11_ws/install/arm_pkg/lib/python3.10/site-packages/arm_pkg/camera_interface.py to camera_interface.cpython-310.pyc
[0.995s] running install_data
[0.996s] running install_egg_info
[0.997s] Copying ../build/arm_pkg/arm_pkg.egg-info to /home/neilstuart/g11_ws/install/arm_pkg/lib/python3.10/site-packages/arm_pkg-0.0.0-py3.10.egg-info
[0.997s] running install_scripts
[1.009s] Installing camera_interface script to /home/neilstuart/g11_ws/install/arm_pkg/lib/arm_pkg
[1.010s] writing list of installed files to '/home/neilstuart/g11_ws/build/arm_pkg/install.log'
[1.028s] Invoked command in '/home/neilstuart/g11_ws/arm_pkg' returned '0': PYTHONPATH=/home/neilstuart/g11_ws/build/arm_pkg/prefix_override:/home/neilstuart/g11_ws/install/arm_pkg/lib/python3.10/site-packages:${PYTHONPATH} /usr/bin/python3 setup.py egg_info --egg-base ../build/arm_pkg build --build-base /home/neilstuart/g11_ws/build/arm_pkg/build install --record /home/neilstuart/g11_ws/build/arm_pkg/install.log --single-version-externally-managed
