[0.510s] Invoking command in '/home/neilstuart/g11_ws/arm_pkg': PYTHONPATH=/home/neilstuart/g11_ws/build/arm_pkg/prefix_override:/home/neilstuart/g11_ws/install/arm_pkg/lib/python3.10/site-packages:${PYTHONPATH} /usr/bin/python3 setup.py egg_info --egg-base ../build/arm_pkg build --build-base /home/neilstuart/g11_ws/build/arm_pkg/build install --record /home/neilstuart/g11_ws/build/arm_pkg/install.log --single-version-externally-managed
[0.690s] running egg_info
[0.690s] writing ../build/arm_pkg/arm_pkg.egg-info/PKG-INFO
[0.691s] writing dependency_links to ../build/arm_pkg/arm_pkg.egg-info/dependency_links.txt
[0.691s] writing entry points to ../build/arm_pkg/arm_pkg.egg-info/entry_points.txt
[0.691s] writing requirements to ../build/arm_pkg/arm_pkg.egg-info/requires.txt
[0.691s] writing top-level names to ../build/arm_pkg/arm_pkg.egg-info/top_level.txt
[0.692s] reading manifest file '../build/arm_pkg/arm_pkg.egg-info/SOURCES.txt'
[0.693s] adding license file 'LICENSE'
[0.693s] writing manifest file '../build/arm_pkg/arm_pkg.egg-info/SOURCES.txt'
[0.693s] running build
[0.693s] running build_py
[0.693s] running install
[0.693s] /usr/lib/python3/dist-packages/setuptools/command/install.py:34: SetuptoolsDeprecationWarning: setup.py install is deprecated. Use build and pip and other standards-based tools.
[0.693s]   warnings.warn(
[0.694s] running install_lib
[0.695s] running install_data
[0.695s] copying package.xml -> /home/neilstuart/g11_ws/install/arm_pkg/share/arm_pkg
[0.695s] running install_egg_info
[0.697s] removing '/home/neilstuart/g11_ws/install/arm_pkg/lib/python3.10/site-packages/arm_pkg-0.0.0-py3.10.egg-info' (and everything under it)
[0.697s] Copying ../build/arm_pkg/arm_pkg.egg-info to /home/neilstuart/g11_ws/install/arm_pkg/lib/python3.10/site-packages/arm_pkg-0.0.0-py3.10.egg-info
[0.697s] running install_scripts
[0.710s] Installing camera_interface script to /home/neilstuart/g11_ws/install/arm_pkg/lib/arm_pkg
[0.711s] writing list of installed files to '/home/neilstuart/g11_ws/build/arm_pkg/install.log'
[0.730s] Invoked command in '/home/neilstuart/g11_ws/arm_pkg' returned '0': PYTHONPATH=/home/neilstuart/g11_ws/build/arm_pkg/prefix_override:/home/neilstuart/g11_ws/install/arm_pkg/lib/python3.10/site-packages:${PYTHONPATH} /usr/bin/python3 setup.py egg_info --egg-base ../build/arm_pkg build --build-base /home/neilstuart/g11_ws/build/arm_pkg/build install --record /home/neilstuart/g11_ws/build/arm_pkg/install.log --single-version-externally-managed
