running develop
Removing /home/neilstuart/g11_ws/install/arm_pkg/lib/python3.10/site-packages/arm-pkg.egg-link (link to .)
running egg_info
writing ../build/arm_pkg/arm_pkg.egg-info/PKG-INFO
writing dependency_links to ../build/arm_pkg/arm_pkg.egg-info/dependency_links.txt
writing entry points to ../build/arm_pkg/arm_pkg.egg-info/entry_points.txt
writing requirements to ../build/arm_pkg/arm_pkg.egg-info/requires.txt
writing top-level names to ../build/arm_pkg/arm_pkg.egg-info/top_level.txt
reading manifest file '../build/arm_pkg/arm_pkg.egg-info/SOURCES.txt'
adding license file 'LICENSE'
writing manifest file '../build/arm_pkg/arm_pkg.egg-info/SOURCES.txt'
running build
running build_py
copying arm_pkg/image_processor.py -> /home/neilstuart/g11_ws/build/arm_pkg/build/lib/arm_pkg
copying arm_pkg/controls_generator.py -> /home/neilstuart/g11_ws/build/arm_pkg/build/lib/arm_pkg
copying arm_pkg/prediction_model.py -> /home/neilstuart/g11_ws/build/arm_pkg/build/lib/arm_pkg
copying arm_pkg/hardware_interface.py -> /home/neilstuart/g11_ws/build/arm_pkg/build/lib/arm_pkg
copying arm_pkg/camera_interface.py -> /home/neilstuart/g11_ws/build/arm_pkg/build/lib/arm_pkg
running install
running install_lib
creating /home/neilstuart/g11_ws/install/arm_pkg/lib/python3.10/site-packages/arm_pkg
copying /home/neilstuart/g11_ws/build/arm_pkg/build/lib/arm_pkg/image_processor.py -> /home/neilstuart/g11_ws/install/arm_pkg/lib/python3.10/site-packages/arm_pkg
copying /home/neilstuart/g11_ws/build/arm_pkg/build/lib/arm_pkg/controls_generator.py -> /home/neilstuart/g11_ws/install/arm_pkg/lib/python3.10/site-packages/arm_pkg
copying /home/neilstuart/g11_ws/build/arm_pkg/build/lib/arm_pkg/prediction_model.py -> /home/neilstuart/g11_ws/install/arm_pkg/lib/python3.10/site-packages/arm_pkg
copying /home/neilstuart/g11_ws/build/arm_pkg/build/lib/arm_pkg/__init__.py -> /home/neilstuart/g11_ws/install/arm_pkg/lib/python3.10/site-packages/arm_pkg
copying /home/neilstuart/g11_ws/build/arm_pkg/build/lib/arm_pkg/hardware_interface.py -> /home/neilstuart/g11_ws/install/arm_pkg/lib/python3.10/site-packages/arm_pkg
copying /home/neilstuart/g11_ws/build/arm_pkg/build/lib/arm_pkg/camera_interface.py -> /home/neilstuart/g11_ws/install/arm_pkg/lib/python3.10/site-packages/arm_pkg
byte-compiling /home/neilstuart/g11_ws/install/arm_pkg/lib/python3.10/site-packages/arm_pkg/image_processor.py to image_processor.cpython-310.pyc
byte-compiling /home/neilstuart/g11_ws/install/arm_pkg/lib/python3.10/site-packages/arm_pkg/controls_generator.py to controls_generator.cpython-310.pyc
byte-compiling /home/neilstuart/g11_ws/install/arm_pkg/lib/python3.10/site-packages/arm_pkg/prediction_model.py to prediction_model.cpython-310.pyc
byte-compiling /home/neilstuart/g11_ws/install/arm_pkg/lib/python3.10/site-packages/arm_pkg/__init__.py to __init__.cpython-310.pyc
byte-compiling /home/neilstuart/g11_ws/install/arm_pkg/lib/python3.10/site-packages/arm_pkg/hardware_interface.py to hardware_interface.cpython-310.pyc
byte-compiling /home/neilstuart/g11_ws/install/arm_pkg/lib/python3.10/site-packages/arm_pkg/camera_interface.py to camera_interface.cpython-310.pyc
running install_data
running install_egg_info
Copying ../build/arm_pkg/arm_pkg.egg-info to /home/neilstuart/g11_ws/install/arm_pkg/lib/python3.10/site-packages/arm_pkg-0.0.0-py3.10.egg-info
running install_scripts
Installing camera_interface script to /home/neilstuart/g11_ws/install/arm_pkg/lib/arm_pkg
Installing controls_generator script to /home/neilstuart/g11_ws/install/arm_pkg/lib/arm_pkg
Installing hardware_interface script to /home/neilstuart/g11_ws/install/arm_pkg/lib/arm_pkg
Installing image_processor script to /home/neilstuart/g11_ws/install/arm_pkg/lib/arm_pkg
writing list of installed files to '/home/neilstuart/g11_ws/build/arm_pkg/install.log'
