running develop
/usr/lib/python3/dist-packages/setuptools/command/easy_install.py:158: EasyInstallDeprecationWarning: easy_install command is deprecated. Use build and pip and other standards-based tools.
  warnings.warn(
/usr/lib/python3/dist-packages/setuptools/command/install.py:34: SetuptoolsDeprecationWarning: setup.py install is deprecated. Use build and pip and other standards-based tools.
  warnings.warn(
/usr/lib/python3/dist-packages/pkg_resources/__init__.py:116: PkgResourcesDeprecationWarning: 2.4.0-elementary9-ubuntu7.1 is an invalid version and will not be supported in a future release
  warnings.warn(
running egg_info
writing arm_pkg.egg-info/PKG-INFO
writing dependency_links to arm_pkg.egg-info/dependency_links.txt
writing entry points to arm_pkg.egg-info/entry_points.txt
writing requirements to arm_pkg.egg-info/requires.txt
writing top-level names to arm_pkg.egg-info/top_level.txt
reading manifest file 'arm_pkg.egg-info/SOURCES.txt'
writing manifest file 'arm_pkg.egg-info/SOURCES.txt'
running build_ext
Creating /home/neilstuart/g11_ws/install/arm_pkg/lib/python3.10/site-packages/arm-pkg.egg-link (link to .)
Installing camera_interface script to /home/neilstuart/g11_ws/install/arm_pkg/lib/arm_pkg

Installed /home/neilstuart/g11_ws/build/arm_pkg
running install_data
